<?xml version="1.0" encoding="UTF-8"?>
<!-- Generated by org.testng.reporters.JUnitXMLReporter -->
<testsuite ignored="0" hostname="LTIN511453" failures="0" tests="0" time="69.529" errors="0" timestamp="2024-04-10T15:12:38 IST">
  <testcase classname="runnerFile.TestRunner" name="null" time="0.002">
    <failure type="java.lang.NullPointerException" message="Cannot invoke &amp;quot;org.apache.logging.log4j.Logger.info(String)&amp;quot; because &amp;quot;factory.BaseClass.logger&amp;quot; is null">
      <![CDATA[java.lang.NullPointerException: Cannot invoke "org.apache.logging.log4j.Logger.info(String)" because "factory.BaseClass.logger" is null
at factory.BaseClass.initilizeBrowser(BaseClass.java:75)
at stepDefinitionFiles.Hooks.beforeAll(Hooks.java:30)
]]>
    </failure>
  </testcase> <!-- null -->
</testsuite>
