<?xml version="1.0" encoding="UTF-8"?>
<testng-results ignored="0" total="0" passed="0" failed="0" skipped="0">
  <reporter-output>
  </reporter-output>
  <suite started-at="2024-04-05T23:46:16 IST" name="Suite" finished-at="2024-04-05T23:46:16 IST" duration-ms="373">
    <groups>
      <group name="cucumber">
        <method signature="AbstractTestNGCucumberTests.runScenario(io.cucumber.testng.PickleWrapper,io.cucumber.testng.FeatureWrapper)[pri:0, instance:runnerFile.TestRunner@15888343]" name="runScenario" class="io.cucumber.testng.AbstractTestNGCucumberTests"/>
      </group> <!-- cucumber -->
    </groups>
    <test started-at="2024-04-05T23:46:16 IST" name="Test" finished-at="2024-04-05T23:46:16 IST" duration-ms="373">
      <class name="runnerFile.TestRunner">
        <test-method is-config="true" signature="setUpClass(org.testng.ITestContext)[pri:0, instance:runnerFile.TestRunner@15888343]" started-at="2024-04-05T23:46:16 IST" name="setUpClass" finished-at="2024-04-05T23:46:16 IST" duration-ms="319" status="PASS">
          <params>
            <param index="0">
              <value>
                <![CDATA[org.testng.TestRunner@1f6c9cd8]]>
              </value>
            </param>
          </params>
          <reporter-output>
          </reporter-output>
        </test-method> <!-- setUpClass -->
        <test-method is-config="true" signature="tearDownClass()[pri:0, instance:runnerFile.TestRunner@15888343]" started-at="2024-04-05T23:46:16 IST" name="tearDownClass" finished-at="2024-04-05T23:46:16 IST" duration-ms="2" status="PASS">
          <reporter-output>
          </reporter-output>
        </test-method> <!-- tearDownClass -->
      </class> <!-- runnerFile.TestRunner -->
    </test> <!-- Test -->
  </suite> <!-- Suite -->
</testng-results>
